<?xml version="1.0" encoding="UTF-8"?>
<!-- Generated by org.testng.reporters.JUnitReportReporter -->
<testsuite hostname="LTB0216523-MAC-2.local" failures="1" tests="15" name="com.airtel.RestAssured.Adtech.Tests.sms.AnalyticsTimeSlotTest" time="1.640" errors="0" timestamp="18 May 2022 07:45:42 GMT" skipped="14">
  <testcase classname="com.airtel.RestAssured.Adtech.Tests.sms.AnalyticsTimeSlotTest" name="createUserCompany" time="1.635">
    <failure message="expected [true] but found [false]" type="java.lang.AssertionError">
      <![CDATA[java.lang.AssertionError: expected [true] but found [false]
	at org.testng.Assert.fail(Assert.java:93)
	at org.testng.Assert.failNotEquals(Assert.java:512)
	at org.testng.Assert.assertTrue(Assert.java:41)
	at org.testng.Assert.assertTrue(Assert.java:51)
	at com.airtel.helper.common.ApiHelper.fetchApiResponse(ApiHelper.java:653)
	at com.airtel.helper.common.ApiHelper.postResponseWithHeaders(ApiHelper.java:577)
	at com.airtel.teams.common.CommonApi.getPostResponseWithStatusCode(CommonApi.java:344)
	at com.airtel.adtech.adaptor.userOnboard.OnboardUserIAdaptormpl.signUpUser(OnboardUserIAdaptormpl.java:50)
	at com.airtel.adtech.manager.OnboardApiManager.createUser(OnboardApiManager.java:84)
	at com.airtel.adtech.manager.OnboardApiManager.createUserCompanyAdtech(OnboardApiManager.java:43)
	at com.airtel.RestAssured.Adtech.Tests.sms.AnalyticsTimeSlotTest.createUserCompany(AnalyticsTimeSlotTest.java:145)
	at java.base/jdk.internal.reflect.NativeMethodAccessorImpl.invoke0(Native Method)
	at java.base/jdk.internal.reflect.NativeMethodAccessorImpl.invoke(NativeMethodAccessorImpl.java:77)
	at java.base/jdk.internal.reflect.DelegatingMethodAccessorImpl.invoke(DelegatingMethodAccessorImpl.java:43)
	at java.base/java.lang.reflect.Method.invoke(Method.java:568)
	at org.testng.internal.MethodInvocationHelper.invokeMethod(MethodInvocationHelper.java:108)
	at org.testng.internal.Invoker.invokeConfigurationMethod(Invoker.java:523)
	at org.testng.internal.Invoker.invokeConfigurations(Invoker.java:224)
	at org.testng.internal.Invoker.invokeMethod(Invoker.java:599)
	at org.testng.internal.Invoker.invokeTestMethod(Invoker.java:869)
	at org.testng.internal.Invoker.invokeTestMethods(Invoker.java:1193)
	at org.testng.internal.TestMethodWorker.invokeTestMethods(TestMethodWorker.java:126)
	at org.testng.internal.TestMethodWorker.run(TestMethodWorker.java:109)
	at org.testng.TestRunner.privateRun(TestRunner.java:744)
	at org.testng.TestRunner.run(TestRunner.java:602)
	at org.testng.SuiteRunner.runTest(SuiteRunner.java:380)
	at org.testng.SuiteRunner.runSequentially(SuiteRunner.java:375)
	at org.testng.SuiteRunner.privateRun(SuiteRunner.java:340)
	at org.testng.SuiteRunner.run(SuiteRunner.java:289)
	at org.testng.SuiteRunnerWorker.runSuite(SuiteRunnerWorker.java:52)
	at org.testng.SuiteRunnerWorker.run(SuiteRunnerWorker.java:86)
	at org.testng.TestNG.runSuitesSequentially(TestNG.java:1301)
	at org.testng.TestNG.runSuitesLocally(TestNG.java:1226)
	at org.testng.TestNG.runSuites(TestNG.java:1144)
	at org.testng.TestNG.run(TestNG.java:1115)
	at org.apache.maven.surefire.testng.TestNGExecutor.run(TestNGExecutor.java:135)
	at org.apache.maven.surefire.testng.TestNGDirectoryTestSuite.executeMulti(TestNGDirectoryTestSuite.java:193)
	at org.apache.maven.surefire.testng.TestNGDirectoryTestSuite.execute(TestNGDirectoryTestSuite.java:94)
	at org.apache.maven.surefire.testng.TestNGProvider.invoke(TestNGProvider.java:146)
	at org.apache.maven.surefire.booter.ForkedBooter.invokeProviderInSameClassLoader(ForkedBooter.java:386)
	at org.apache.maven.surefire.booter.ForkedBooter.runSuitesInProcess(ForkedBooter.java:323)
	at org.apache.maven.surefire.booter.ForkedBooter.main(ForkedBooter.java:143)
]]>
    </failure>
  </testcase> <!-- createUserCompany -->
  <testcase classname="com.airtel.RestAssured.Adtech.Tests.sms.AnalyticsTimeSlotTest" name="fetchAnalytics" time="0.000">
    <skipped/>
  </testcase> <!-- fetchAnalytics -->
  <testcase classname="com.airtel.RestAssured.Adtech.Tests.sms.AnalyticsTimeSlotTest" name="fetchAnalyticsAdmin" time="0.000">
    <skipped/>
  </testcase> <!-- fetchAnalyticsAdmin -->
  <testcase classname="com.airtel.RestAssured.Adtech.Tests.sms.AnalyticsTimeSlotTest" name="verifyTimeSlotPositiveCase" time="0.001">
    <skipped/>
  </testcase> <!-- verifyTimeSlotPositiveCase -->
  <testcase classname="com.airtel.RestAssured.Adtech.Tests.sms.AnalyticsTimeSlotTest" name="invalidTimeSlot" time="0.001">
    <skipped/>
  </testcase> <!-- invalidTimeSlot -->
  <testcase classname="com.airtel.RestAssured.Adtech.Tests.sms.AnalyticsTimeSlotTest" name="invalidTimeSlotFormat" time="0.000">
    <skipped/>
  </testcase> <!-- invalidTimeSlotFormat -->
  <testcase classname="com.airtel.RestAssured.Adtech.Tests.sms.AnalyticsTimeSlotTest" name="timeSlotAfterNine" time="0.000">
    <skipped/>
  </testcase> <!-- timeSlotAfterNine -->
  <testcase classname="com.airtel.RestAssured.Adtech.Tests.sms.AnalyticsTimeSlotTest" name="timeSlotWithTweleveHourWindow" time="0.000">
    <skipped/>
  </testcase> <!-- timeSlotWithTweleveHourWindow -->
  <testcase classname="com.airtel.RestAssured.Adtech.Tests.sms.AnalyticsTimeSlotTest" name="outdatedCampaignDuration" time="0.000">
    <skipped/>
  </testcase> <!-- outdatedCampaignDuration -->
  <testcase classname="com.airtel.RestAssured.Adtech.Tests.sms.AnalyticsTimeSlotTest" name="futureDatedCampaignDuration" time="0.002">
    <skipped/>
  </testcase> <!-- futureDatedCampaignDuration -->
  <testcase classname="com.airtel.RestAssured.Adtech.Tests.sms.AnalyticsTimeSlotTest" name="validateLinkTracking" time="0.000">
    <skipped/>
  </testcase> <!-- validateLinkTracking -->
  <testcase classname="com.airtel.RestAssured.Adtech.Tests.sms.AnalyticsTimeSlotTest" name="verifylinkScehdulerforApprovedOrders" time="0.000">
    <skipped/>
  </testcase> <!-- verifylinkScehdulerforApprovedOrders -->
  <testcase classname="com.airtel.RestAssured.Adtech.Tests.sms.AnalyticsTimeSlotTest" name="verifylinkSchedulerforValidityExpired" time="0.001">
    <skipped/>
  </testcase> <!-- verifylinkSchedulerforValidityExpired -->
  <testcase classname="com.airtel.RestAssured.Adtech.Tests.sms.AnalyticsTimeSlotTest" name="verifyIncorrectURlinSubmitCampaign" time="0.000">
    <skipped/>
  </testcase> <!-- verifyIncorrectURlinSubmitCampaign -->
  <testcase classname="com.airtel.RestAssured.Adtech.Tests.sms.AnalyticsTimeSlotTest" name="verifyValidityinDays" time="0.000">
    <skipped/>
  </testcase> <!-- verifyValidityinDays -->
</testsuite> <!-- com.airtel.RestAssured.Adtech.Tests.sms.AnalyticsTimeSlotTest -->
