<?xml version="1.0" encoding="UTF-8"?>
<!-- Generated by org.testng.reporters.JUnitReportReporter -->
<testsuite hostname="LTB0216523-MAC-2.local" failures="1" tests="12" name="com.airtel.RestAssured.Adtech.Tests.sms.TestSMSApiTest" time="1.638" errors="0" timestamp="18 May 2022 07:45:42 GMT" skipped="11">
  <testcase classname="com.airtel.RestAssured.Adtech.Tests.sms.TestSMSApiTest" name="createUserCompany" time="1.633">
    <failure message="expected [true] but found [false]" type="java.lang.AssertionError">
      <![CDATA[java.lang.AssertionError: expected [true] but found [false]
	at org.testng.Assert.fail(Assert.java:93)
	at org.testng.Assert.failNotEquals(Assert.java:512)
	at org.testng.Assert.assertTrue(Assert.java:41)
	at org.testng.Assert.assertTrue(Assert.java:51)
	at com.airtel.helper.common.ApiHelper.fetchApiResponse(ApiHelper.java:653)
	at com.airtel.helper.common.ApiHelper.postResponseWithHeaders(ApiHelper.java:577)
	at com.airtel.teams.common.CommonApi.getPostResponseWithStatusCode(CommonApi.java:344)
	at com.airtel.adtech.adaptor.userOnboard.OnboardUserIAdaptormpl.signUpUser(OnboardUserIAdaptormpl.java:50)
	at com.airtel.adtech.manager.OnboardApiManager.createUser(OnboardApiManager.java:84)
	at com.airtel.adtech.manager.OnboardApiManager.createUserCompanyAdtech(OnboardApiManager.java:43)
	at com.airtel.RestAssured.Adtech.Tests.sms.TestSMSApiTest.createUserCompany(TestSMSApiTest.java:91)
	at java.base/jdk.internal.reflect.NativeMethodAccessorImpl.invoke0(Native Method)
	at java.base/jdk.internal.reflect.NativeMethodAccessorImpl.invoke(NativeMethodAccessorImpl.java:77)
	at java.base/jdk.internal.reflect.DelegatingMethodAccessorImpl.invoke(DelegatingMethodAccessorImpl.java:43)
	at java.base/java.lang.reflect.Method.invoke(Method.java:568)
	at org.testng.internal.MethodInvocationHelper.invokeMethod(MethodInvocationHelper.java:108)
	at org.testng.internal.Invoker.invokeConfigurationMethod(Invoker.java:523)
	at org.testng.internal.Invoker.invokeConfigurations(Invoker.java:224)
	at org.testng.internal.Invoker.invokeMethod(Invoker.java:599)
	at org.testng.internal.Invoker.invokeTestMethod(Invoker.java:869)
	at org.testng.internal.Invoker.invokeTestMethods(Invoker.java:1193)
	at org.testng.internal.TestMethodWorker.invokeTestMethods(TestMethodWorker.java:126)
	at org.testng.internal.TestMethodWorker.run(TestMethodWorker.java:109)
	at org.testng.TestRunner.privateRun(TestRunner.java:744)
	at org.testng.TestRunner.run(TestRunner.java:602)
	at org.testng.SuiteRunner.runTest(SuiteRunner.java:380)
	at org.testng.SuiteRunner.runSequentially(SuiteRunner.java:375)
	at org.testng.SuiteRunner.privateRun(SuiteRunner.java:340)
	at org.testng.SuiteRunner.run(SuiteRunner.java:289)
	at org.testng.SuiteRunnerWorker.runSuite(SuiteRunnerWorker.java:52)
	at org.testng.SuiteRunnerWorker.run(SuiteRunnerWorker.java:86)
	at org.testng.TestNG.runSuitesSequentially(TestNG.java:1301)
	at org.testng.TestNG.runSuitesLocally(TestNG.java:1226)
	at org.testng.TestNG.runSuites(TestNG.java:1144)
	at org.testng.TestNG.run(TestNG.java:1115)
	at org.apache.maven.surefire.testng.TestNGExecutor.run(TestNGExecutor.java:135)
	at org.apache.maven.surefire.testng.TestNGDirectoryTestSuite.executeMulti(TestNGDirectoryTestSuite.java:193)
	at org.apache.maven.surefire.testng.TestNGDirectoryTestSuite.execute(TestNGDirectoryTestSuite.java:94)
	at org.apache.maven.surefire.testng.TestNGProvider.invoke(TestNGProvider.java:146)
	at org.apache.maven.surefire.booter.ForkedBooter.invokeProviderInSameClassLoader(ForkedBooter.java:386)
	at org.apache.maven.surefire.booter.ForkedBooter.runSuitesInProcess(ForkedBooter.java:323)
	at org.apache.maven.surefire.booter.ForkedBooter.main(ForkedBooter.java:143)
]]>
    </failure>
  </testcase> <!-- createUserCompany -->
  <testcase classname="com.airtel.RestAssured.Adtech.Tests.sms.TestSMSApiTest" name="testSMSSend" time="0.001">
    <skipped/>
  </testcase> <!-- testSMSSend -->
  <testcase classname="com.airtel.RestAssured.Adtech.Tests.sms.TestSMSApiTest" name="testSMSWithDraftStatus" time="0.001">
    <skipped/>
  </testcase> <!-- testSMSWithDraftStatus -->
  <testcase classname="com.airtel.RestAssured.Adtech.Tests.sms.TestSMSApiTest" name="testSMSWithSubmittedStatus" time="0.000">
    <skipped/>
  </testcase> <!-- testSMSWithSubmittedStatus -->
  <testcase classname="com.airtel.RestAssured.Adtech.Tests.sms.TestSMSApiTest" name="testSMSwithMultipleTemplates" time="0.001">
    <skipped/>
  </testcase> <!-- testSMSwithMultipleTemplates -->
  <testcase classname="com.airtel.RestAssured.Adtech.Tests.sms.TestSMSApiTest" name="testSMSTrackCount" time="0.000">
    <skipped/>
  </testcase> <!-- testSMSTrackCount -->
  <testcase classname="com.airtel.RestAssured.Adtech.Tests.sms.TestSMSApiTest" name="testSMSExpiryDate" time="0.000">
    <skipped/>
  </testcase> <!-- testSMSExpiryDate -->
  <testcase classname="com.airtel.RestAssured.Adtech.Tests.sms.TestSMSApiTest" name="testSMSIncorrectTemplateId" time="0.001">
    <skipped/>
  </testcase> <!-- testSMSIncorrectTemplateId -->
  <testcase classname="com.airtel.RestAssured.Adtech.Tests.sms.TestSMSApiTest" name="testSMSIncorrectHeaderId" time="0.000">
    <skipped/>
  </testcase> <!-- testSMSIncorrectHeaderId -->
  <testcase classname="com.airtel.RestAssured.Adtech.Tests.sms.TestSMSApiTest" name="testSMSIncorrectTemplateContent" time="0.000">
    <skipped/>
  </testcase> <!-- testSMSIncorrectTemplateContent -->
  <testcase classname="com.airtel.RestAssured.Adtech.Tests.sms.TestSMSApiTest" name="testSMSBlankBody" time="0.001">
    <skipped/>
  </testcase> <!-- testSMSBlankBody -->
  <testcase classname="com.airtel.RestAssured.Adtech.Tests.sms.TestSMSApiTest" name="testSMSInvalidPhoneNumber" time="0.000">
    <skipped/>
  </testcase> <!-- testSMSInvalidPhoneNumber -->
</testsuite> <!-- com.airtel.RestAssured.Adtech.Tests.sms.TestSMSApiTest -->
